DEB [20250322-20:00:06.136] thr=1   paramiko.transport: starting thread (server mode): 0x31111880
DEB [20250322-20:00:06.136] thr=1   paramiko.transport: Local version/idstring: SSH-2.0-OpenSSH_8.9p1
DEB [20250322-20:00:06.136] thr=1   paramiko.transport: Remote version/idstring: SSH-2.0-OpenSSH_9.6p1 Ubuntu-3ubuntu13.8
INF [20250322-20:00:06.136] thr=1   paramiko.transport: Connected (version 2.0, client OpenSSH_9.6p1)
DEB [20250322-20:00:06.137] thr=1   paramiko.transport: === Key exchange possibilities ===
DEB [20250322-20:00:06.137] thr=1   paramiko.transport: kex algos: sntrup761x25519-sha512@openssh.com, curve25519-sha256, curve25519-sha256@libssh.org, ecdh-sha2-nistp256, ecdh-sha2-nistp384, ecdh-sha2-nistp521, diffie-hellman-group-exchange-sha256, diffie-hellman-group16-sha512, diffie-hellman-group18-sha512, diffie-hellman-group14-sha256, ext-info-c, kex-strict-c-v00@openssh.com
DEB [20250322-20:00:06.137] thr=1   paramiko.transport: server key: rsa-sha2-512-cert-v01@openssh.com, rsa-sha2-256-cert-v01@openssh.com, rsa-sha2-512, rsa-sha2-256, ssh-ed25519-cert-v01@openssh.com, ecdsa-sha2-nistp256-cert-v01@openssh.com, ecdsa-sha2-nistp384-cert-v01@openssh.com, ecdsa-sha2-nistp521-cert-v01@openssh.com, sk-ssh-ed25519-cert-v01@openssh.com, sk-ecdsa-sha2-nistp256-cert-v01@openssh.com, ssh-ed25519, ecdsa-sha2-nistp256, ecdsa-sha2-nistp384, ecdsa-sha2-nistp521, sk-ssh-ed25519@openssh.com, sk-ecdsa-sha2-nistp256@openssh.com
DEB [20250322-20:00:06.137] thr=1   paramiko.transport: client encrypt: chacha20-poly1305@openssh.com, aes128-ctr, aes192-ctr, aes256-ctr, aes128-gcm@openssh.com, aes256-gcm@openssh.com
DEB [20250322-20:00:06.137] thr=1   paramiko.transport: server encrypt: chacha20-poly1305@openssh.com, aes128-ctr, aes192-ctr, aes256-ctr, aes128-gcm@openssh.com, aes256-gcm@openssh.com
DEB [20250322-20:00:06.137] thr=1   paramiko.transport: client mac: umac-64-etm@openssh.com, umac-128-etm@openssh.com, hmac-sha2-256-etm@openssh.com, hmac-sha2-512-etm@openssh.com, hmac-sha1-etm@openssh.com, umac-64@openssh.com, umac-128@openssh.com, hmac-sha2-256, hmac-sha2-512, hmac-sha1
DEB [20250322-20:00:06.138] thr=1   paramiko.transport: server mac: umac-64-etm@openssh.com, umac-128-etm@openssh.com, hmac-sha2-256-etm@openssh.com, hmac-sha2-512-etm@openssh.com, hmac-sha1-etm@openssh.com, umac-64@openssh.com, umac-128@openssh.com, hmac-sha2-256, hmac-sha2-512, hmac-sha1
DEB [20250322-20:00:06.138] thr=1   paramiko.transport: client compress: none, zlib@openssh.com, zlib
DEB [20250322-20:00:06.138] thr=1   paramiko.transport: server compress: none, zlib@openssh.com, zlib
DEB [20250322-20:00:06.138] thr=1   paramiko.transport: client lang: <none>
DEB [20250322-20:00:06.138] thr=1   paramiko.transport: server lang: <none>
DEB [20250322-20:00:06.138] thr=1   paramiko.transport: kex follows: False
DEB [20250322-20:00:06.138] thr=1   paramiko.transport: === Key exchange agreements ===
DEB [20250322-20:00:06.138] thr=1   paramiko.transport: Strict kex mode: True
DEB [20250322-20:00:06.138] thr=1   paramiko.transport: Kex: curve25519-sha256@libssh.org
DEB [20250322-20:00:06.138] thr=1   paramiko.transport: HostKey: rsa-sha2-512
DEB [20250322-20:00:06.138] thr=1   paramiko.transport: Cipher: aes128-ctr
DEB [20250322-20:00:06.139] thr=1   paramiko.transport: MAC: hmac-sha2-256-etm@openssh.com
DEB [20250322-20:00:06.139] thr=1   paramiko.transport: Compression: none
DEB [20250322-20:00:06.139] thr=1   paramiko.transport: === End of kex handshake ===
DEB [20250322-20:00:06.141] thr=1   paramiko.transport: Resetting outbound seqno after NEWKEYS due to strict mode
DEB [20250322-20:00:06.141] thr=1   paramiko.transport: kex engine KexCurve25519 specified hash_algo <built-in function openssl_sha256>
DEB [20250322-20:00:06.142] thr=1   paramiko.transport: EOF in transport thread
DEB [20250322-20:00:15.060] thr=2   paramiko.transport: starting thread (server mode): 0x48332ba0
DEB [20250322-20:00:15.060] thr=2   paramiko.transport: Local version/idstring: SSH-2.0-OpenSSH_8.9p1
DEB [20250322-20:00:15.060] thr=2   paramiko.transport: Remote version/idstring: SSH-2.0-OpenSSH_9.6p1 Ubuntu-3ubuntu13.8
INF [20250322-20:00:15.060] thr=2   paramiko.transport: Connected (version 2.0, client OpenSSH_9.6p1)
DEB [20250322-20:00:15.061] thr=2   paramiko.transport: === Key exchange possibilities ===
DEB [20250322-20:00:15.061] thr=2   paramiko.transport: kex algos: sntrup761x25519-sha512@openssh.com, curve25519-sha256, curve25519-sha256@libssh.org, ecdh-sha2-nistp256, ecdh-sha2-nistp384, ecdh-sha2-nistp521, diffie-hellman-group-exchange-sha256, diffie-hellman-group16-sha512, diffie-hellman-group18-sha512, diffie-hellman-group14-sha256, ext-info-c, kex-strict-c-v00@openssh.com
DEB [20250322-20:00:15.061] thr=2   paramiko.transport: server key: ssh-ed25519-cert-v01@openssh.com, ecdsa-sha2-nistp256-cert-v01@openssh.com, ecdsa-sha2-nistp384-cert-v01@openssh.com, ecdsa-sha2-nistp521-cert-v01@openssh.com, sk-ssh-ed25519-cert-v01@openssh.com, sk-ecdsa-sha2-nistp256-cert-v01@openssh.com, rsa-sha2-512-cert-v01@openssh.com, rsa-sha2-256-cert-v01@openssh.com, ssh-ed25519, ecdsa-sha2-nistp256, ecdsa-sha2-nistp384, ecdsa-sha2-nistp521, sk-ssh-ed25519@openssh.com, sk-ecdsa-sha2-nistp256@openssh.com, rsa-sha2-512, rsa-sha2-256
DEB [20250322-20:00:15.061] thr=2   paramiko.transport: client encrypt: chacha20-poly1305@openssh.com, aes128-ctr, aes192-ctr, aes256-ctr, aes128-gcm@openssh.com, aes256-gcm@openssh.com
DEB [20250322-20:00:15.061] thr=2   paramiko.transport: server encrypt: chacha20-poly1305@openssh.com, aes128-ctr, aes192-ctr, aes256-ctr, aes128-gcm@openssh.com, aes256-gcm@openssh.com
DEB [20250322-20:00:15.061] thr=2   paramiko.transport: client mac: umac-64-etm@openssh.com, umac-128-etm@openssh.com, hmac-sha2-256-etm@openssh.com, hmac-sha2-512-etm@openssh.com, hmac-sha1-etm@openssh.com, umac-64@openssh.com, umac-128@openssh.com, hmac-sha2-256, hmac-sha2-512, hmac-sha1
DEB [20250322-20:00:15.061] thr=2   paramiko.transport: server mac: umac-64-etm@openssh.com, umac-128-etm@openssh.com, hmac-sha2-256-etm@openssh.com, hmac-sha2-512-etm@openssh.com, hmac-sha1-etm@openssh.com, umac-64@openssh.com, umac-128@openssh.com, hmac-sha2-256, hmac-sha2-512, hmac-sha1
DEB [20250322-20:00:15.061] thr=2   paramiko.transport: client compress: none, zlib@openssh.com, zlib
DEB [20250322-20:00:15.061] thr=2   paramiko.transport: server compress: none, zlib@openssh.com, zlib
DEB [20250322-20:00:15.061] thr=2   paramiko.transport: client lang: <none>
DEB [20250322-20:00:15.061] thr=2   paramiko.transport: server lang: <none>
DEB [20250322-20:00:15.062] thr=2   paramiko.transport: kex follows: False
DEB [20250322-20:00:15.062] thr=2   paramiko.transport: === Key exchange agreements ===
DEB [20250322-20:00:15.062] thr=2   paramiko.transport: Strict kex mode: True
DEB [20250322-20:00:15.062] thr=2   paramiko.transport: Kex: curve25519-sha256@libssh.org
DEB [20250322-20:00:15.062] thr=2   paramiko.transport: HostKey: rsa-sha2-512
DEB [20250322-20:00:15.062] thr=2   paramiko.transport: Cipher: aes128-ctr
DEB [20250322-20:00:15.062] thr=2   paramiko.transport: MAC: hmac-sha2-256-etm@openssh.com
DEB [20250322-20:00:15.062] thr=2   paramiko.transport: Compression: none
DEB [20250322-20:00:15.062] thr=2   paramiko.transport: === End of kex handshake ===
DEB [20250322-20:00:15.064] thr=2   paramiko.transport: Resetting outbound seqno after NEWKEYS due to strict mode
DEB [20250322-20:00:15.064] thr=2   paramiko.transport: kex engine KexCurve25519 specified hash_algo <built-in function openssl_sha256>
DEB [20250322-20:00:16.938] thr=2   paramiko.transport: Switch to new keys ...
DEB [20250322-20:00:16.939] thr=2   paramiko.transport: Resetting inbound seqno after NEWKEYS due to strict mode
DEB [20250322-20:00:16.994] thr=2   paramiko.transport: Auth request (type=none) service=ssh-connection, username=admin
INF [20250322-20:00:16.994] thr=2   paramiko.transport: Auth rejected (none).
DEB [20250322-20:00:23.557] thr=2   paramiko.transport: Auth request (type=password) service=ssh-connection, username=admin
INF [20250322-20:00:23.557] thr=2   paramiko.transport: Auth granted (password).
DEB [20250322-20:00:23.559] thr=2   paramiko.transport: [chan 0] Max packet in: 32768 bytes
DEB [20250322-20:00:23.559] thr=2   paramiko.transport: [chan 0] Max packet out: 16384 bytes
DEB [20250322-20:00:23.559] thr=2   paramiko.transport: Secsh channel 0 (session) opened.
DEB [20250322-20:00:23.559] thr=2   paramiko.transport: Received global request "no-more-sessions@openssh.com"
DEB [20250322-20:00:40.545] thr=3   paramiko.transport: [chan 0] EOF sent (0)
DEB [20250322-20:00:40.546] thr=2   paramiko.transport: EOF in transport thread
